<?xml version="1.0" encoding="UTF-8"?>
<testsuite name="postmanEcho" tests="1" skipped="0" failures="0" errors="0" timestamp="2022-05-05T18:16:25" hostname="DESKTOP-LN1BUHI" time="10.426">
  <properties/>
  <testcase name="shouldPostmanEcho()" classname="postmanEcho" time="10.426"/>
  <system-out><![CDATA[]]></system-out>
  <system-err><![CDATA[]]></system-err>
</testsuite>
